#
# A fatal error has been detected by the Java Runtime Environment:
#
#  EXCEPTION_ACCESS_VIOLATION (0xc0000005) at pc=0x0000000059ee684f, pid=7644, tid=0x0000000000002ecc
#
# JRE version: Java(TM) SE Runtime Environment (8.0_112-b15) (build 1.8.0_112-b15)
# Java VM: Java HotSpot(TM) 64-Bit Server VM (25.112-b15 mixed mode windows-amd64 compressed oops)
# Problematic frame:
# V  [jvm.dll+0xf684f]
#
# Failed to write core dump. Minidumps are not enabled by default on client versions of Windows
#
# If you would like to submit a bug report, please visit:
#   http://bugreport.java.com/bugreport/crash.jsp
#

---------------  T H R E A D  ---------------

Current thread (0x00000000572bb000):  VMThread [stack: 0x00000000582d0000,0x00000000583d0000] [id=11980]

siginfo: ExceptionCode=0xc0000005, reading address 0x0000000056ef1270

Registers:
RAX=0x0000000000194240, RBX=0x0000000000000000, RCX=0x0000000056d5d020, RDX=0x000000000000ca12
RSP=0x00000000583ce9e8, RBP=0x00000000583cef60, RSI=0x00000000583cf0f0, RDI=0x00000000583cf0f0
R8 =0x0000000000000000, R9 =0x0000000056d5c450, R10=0x0000000000000007, R11=0x0000000056d5c16f
R12=0x000000005881cb28, R13=0x00000000583cef20, R14=0x00000000000003d8, R15=0x00000000583cef10
RIP=0x0000000059ee684f, EFLAGS=0x0000000000010202

Top of Stack: (sp=0x00000000583ce9e8)
0x00000000583ce9e8:   0000000059eee340 00000000d66873c8
0x00000000583ce9f8:   0000000000000000 00000000583cf0f0
0x00000000583cea08:   00000000d6686c30 00000000d66855a8
0x00000000583cea18:   00000000d6685540 000000005a3f2808
0x00000000583cea28:   0000000001f91620 0000000000000014
0x00000000583cea38:   0000000000000004 00000000583cea60
0x00000000583cea48:   0000000000000002 000000002fffffff
0x00000000583cea58:   00000000d667f910 4fffffff4fffffff
0x00000000583cea68:   00000000d667f6b8 00000000d667f620
0x00000000583cea78:   00000000d667f590 00000000d667f400
0x00000000583cea88:   00000000d667f050 00000000d667eeb0
0x00000000583cea98:   00000000d667ee38 00000000d667edb8
0x00000000583ceaa8:   00000000d667eba0 00000000d667eb28
0x00000000583ceab8:   00000000d667ea58 00000000d667e9e0
0x00000000583ceac8:   00000000d667e968 00000000d667e968
0x00000000583cead8:   00000000d667e890 00000000d667e810 

Instructions: (pc=0x0000000059ee684f)
0x0000000059ee682f:   74 3e 85 d2 79 13 f7 d2 48 63 c2 48 c1 e0 05 48
0x0000000059ee683f:   8b 44 08 10 0f b7 c0 eb 12 48 63 c2 48 c1 e0 05
0x0000000059ee684f:   48 8b 44 08 10 0f b7 d0 48 63 c2 41 0f b7 4c c1
0x0000000059ee685f:   52 48 63 c1 41 0f b7 44 c1 52 49 8b 44 c1 50 c3 


Register to memory mapping:

RAX=0x0000000000194240 is an unknown value
RBX=0x0000000000000000 is an unknown value
RCX=0x0000000056d5d020 is pointing into metadata
RDX=0x000000000000ca12 is an unknown value
RSP=0x00000000583ce9e8 is an unknown value
RBP=0x00000000583cef60 is an unknown value
RSI=0x00000000583cf0f0 is an unknown value
RDI=0x00000000583cf0f0 is an unknown value
R8 =0x0000000000000000 is an unknown value
R9 =0x0000000056d5c450 is pointing into metadata
R10=0x0000000000000007 is an unknown value
R11=0x0000000056d5c16f is pointing into metadata
R12=0x000000005881cb28 is an unknown value
R13=0x00000000583cef20 is an unknown value
R14=0x00000000000003d8 is an unknown value
R15=0x00000000583cef10 is an unknown value


Stack: [0x00000000582d0000,0x00000000583d0000],  sp=0x00000000583ce9e8,  free space=1018k
Native frames: (J=compiled Java code, j=interpreted, Vv=VM code, C=native code)
V  [jvm.dll+0xf684f]

VM_Operation (0x000000005946f670): GetOrSetLocal, mode: safepoint, requested by thread 0x0000000057325800


---------------  P R O C E S S  ---------------

Java Threads: ( => current thread )
  0x0000000058880800 JavaThread "Service Thread" daemon [_thread_blocked, id=7476, stack(0x0000000059ac0000,0x0000000059bc0000)]
  0x000000005880c000 JavaThread "C1 CompilerThread2" daemon [_thread_blocked, id=11608, stack(0x00000000598f0000,0x00000000599f0000)]
  0x0000000058808000 JavaThread "C2 CompilerThread1" daemon [_thread_blocked, id=10224, stack(0x00000000591c0000,0x00000000592c0000)]
  0x0000000058801800 JavaThread "C2 CompilerThread0" daemon [_thread_blocked, id=6568, stack(0x0000000059770000,0x0000000059870000)]
  0x00000000587f0800 JavaThread "JDWP Command Reader" daemon [_thread_in_native, id=9352, stack(0x0000000059670000,0x0000000059770000)]
  0x00000000587ed000 JavaThread "JDWP Event Helper Thread" daemon [_thread_blocked, id=1168, stack(0x0000000059490000,0x0000000059590000)]
  0x0000000057325800 JavaThread "JDWP Transport Listener: dt_socket" daemon [_thread_blocked, id=6356, stack(0x0000000059370000,0x0000000059470000)]
  0x00000000587e3000 JavaThread "Attach Listener" daemon [_thread_blocked, id=6024, stack(0x00000000585d0000,0x00000000586d0000)]
  0x00000000587e1000 JavaThread "Signal Dispatcher" daemon [_thread_blocked, id=10012, stack(0x0000000058d00000,0x0000000058e00000)]
  0x000000005730a000 JavaThread "Finalizer" daemon [_thread_blocked, id=11624, stack(0x00000000586e0000,0x00000000587e0000)]
  0x00000000572c2800 JavaThread "Reference Handler" daemon [_thread_blocked, id=5928, stack(0x0000000058450000,0x0000000058550000)]
  0x0000000001f48000 JavaThread "main" [_thread_blocked, id=6988, stack(0x00000000020e0000,0x00000000021e0000)]

Other Threads:
=>0x00000000572bb000 VMThread [stack: 0x00000000582d0000,0x00000000583d0000] [id=11980]
  0x0000000058893800 WatcherThread [stack: 0x0000000059bd0000,0x0000000059cd0000] [id=10112]

VM state:at safepoint (normal execution)

VM Mutex/Monitor currently owned by a thread:  ([mutex/lock_event])
[0x000000000206e000] Threads_lock - owner thread: 0x00000000572bb000

Heap:
 PSYoungGen      total 37888K, used 2621K [0x00000000d6600000, 0x00000000d9000000, 0x0000000100000000)
  eden space 32768K, 8% used [0x00000000d6600000,0x00000000d688f630,0x00000000d8600000)
  from space 5120K, 0% used [0x00000000d8b00000,0x00000000d8b00000,0x00000000d9000000)
  to   space 5120K, 0% used [0x00000000d8600000,0x00000000d8600000,0x00000000d8b00000)
 ParOldGen       total 86016K, used 0K [0x0000000083200000, 0x0000000088600000, 0x00000000d6600000)
  object space 86016K, 0% used [0x0000000083200000,0x0000000083200000,0x0000000088600000)
 Metaspace       used 3622K, capacity 4702K, committed 4864K, reserved 1056768K
  class space    used 396K, capacity 398K, committed 512K, reserved 1048576K

Card table byte_map: [0x0000000011970000,0x0000000011d60000] byte_map_base: 0x0000000011557000

Marking Bits: (ParMarkBitMap*) 0x000000005a60a6d0
 Begin Bits: [0x00000000126d0000, 0x0000000014608000)
 End Bits:   [0x0000000014608000, 0x0000000016540000)

Polling page: 0x0000000000330000

CodeCache: size=245760Kb used=1178Kb max_used=1178Kb free=244581Kb
 bounds [0x00000000025b0000, 0x0000000002820000, 0x00000000115b0000]
 total_blobs=301 nmethods=57 adapters=166
 compilation: enabled

Compilation events (10 events):
Event: 0.284 Thread 0x000000005880c000   55       3       java.util.HashMap::putVal (300 bytes)
Event: 0.286 Thread 0x000000005880c000 nmethod 55 0x00000000026d1b50 code [0x00000000026d1dc0, 0x00000000026d30b8]
Event: 0.286 Thread 0x000000005880c000   53       3       java.util.HashMap::newNode (13 bytes)
Event: 0.286 Thread 0x000000005880c000 nmethod 53 0x00000000026d3850 code [0x00000000026d39c0, 0x00000000026d3c70]
Event: 0.286 Thread 0x000000005880c000   54       3       java.util.HashMap::afterNodeInsertion (1 bytes)
Event: 0.286 Thread 0x000000005880c000 nmethod 54 0x00000000026d3dd0 code [0x00000000026d3f20, 0x00000000026d4070]
Event: 0.286 Thread 0x000000005880c000   56       1       java.util.ArrayList::size (5 bytes)
Event: 0.286 Thread 0x000000005880c000 nmethod 56 0x00000000026d40d0 code [0x00000000026d4220, 0x00000000026d4330]
Event: 0.292 Thread 0x000000005880c000   57       3       java.util.concurrent.ConcurrentHashMap::spread (10 bytes)
Event: 0.293 Thread 0x000000005880c000 nmethod 57 0x00000000026d6810 code [0x00000000026d6960, 0x00000000026d6ab0]

GC Heap History (0 events):
No events

Deoptimization events (0 events):
No events

Internal exceptions (6 events):
Event: 0.045 Thread 0x0000000001f48000 Exception <a 'java/lang/NoSuchMethodError': Method sun.misc.Unsafe.defineClass(Ljava/lang/String;[BII)Ljava/lang/Class; name or signature does not match> (0x00000000d6607c78) thrown at [C:\re\workspace\8-2-build-windows-amd64-cygwin\jdk8u112\7884\hotspot\
Event: 0.045 Thread 0x0000000001f48000 Exception <a 'java/lang/NoSuchMethodError': Method sun.misc.Unsafe.prefetchRead(Ljava/lang/Object;J)V name or signature does not match> (0x00000000d6607f60) thrown at [C:\re\workspace\8-2-build-windows-amd64-cygwin\jdk8u112\7884\hotspot\src\share\vm\prims
Event: 0.276 Thread 0x0000000001f48000 Exception <a 'java/security/PrivilegedActionException'> (0x00000000d669aac0) thrown at [C:\re\workspace\8-2-build-windows-amd64-cygwin\jdk8u112\7884\hotspot\src\share\vm\prims\jvm.cpp, line 1390]
Event: 0.276 Thread 0x0000000001f48000 Exception <a 'java/security/PrivilegedActionException'> (0x00000000d669aeb8) thrown at [C:\re\workspace\8-2-build-windows-amd64-cygwin\jdk8u112\7884\hotspot\src\share\vm\prims\jvm.cpp, line 1390]
Event: 0.276 Thread 0x0000000001f48000 Exception <a 'java/security/PrivilegedActionException'> (0x00000000d669ef88) thrown at [C:\re\workspace\8-2-build-windows-amd64-cygwin\jdk8u112\7884\hotspot\src\share\vm\prims\jvm.cpp, line 1390]
Event: 0.276 Thread 0x0000000001f48000 Exception <a 'java/security/PrivilegedActionException'> (0x00000000d669f380) thrown at [C:\re\workspace\8-2-build-windows-amd64-cygwin\jdk8u112\7884\hotspot\src\share\vm\prims\jvm.cpp, line 1390]

Events (10 events):
Event: 604.848 Executing VM operation: ChangeBreakpoints done
Event: 604.853 Executing VM operation: EnterInterpOnlyMode
Event: 604.853 Executing VM operation: EnterInterpOnlyMode done
Event: 604.853 Executing VM operation: GetCurrentLocation
Event: 604.853 Executing VM operation: GetCurrentLocation done
Event: 604.854 Executing VM operation: ChangeSingleStep
Event: 604.854 Executing VM operation: ChangeSingleStep done
Event: 604.856 Executing VM operation: ChangeSingleStep
Event: 604.856 Executing VM operation: ChangeSingleStep done
Event: 605.198 Executing VM operation: GetOrSetLocal


Dynamic libraries:
0x000000013f330000 - 0x000000013f367000 	C:\Program Files\Java\jdk1.8.0_112\bin\javaw.exe
0x00000000775c0000 - 0x000000007776a000 	C:\Windows\SYSTEM32\ntdll.dll
0x00000000773a0000 - 0x00000000774bf000 	C:\Windows\system32\kernel32.dll
0x000007fefd5e0000 - 0x000007fefd64a000 	C:\Windows\system32\KERNELBASE.dll
0x000007fefeb90000 - 0x000007fefec6b000 	C:\Windows\system32\ADVAPI32.dll
0x000007fefd670000 - 0x000007fefd70f000 	C:\Windows\system32\msvcrt.dll
0x000007feff7e0000 - 0x000007feff7ff000 	C:\Windows\SYSTEM32\sechost.dll
0x000007fefd710000 - 0x000007fefd83d000 	C:\Windows\system32\RPCRT4.dll
0x00000000774c0000 - 0x00000000775ba000 	C:\Windows\system32\USER32.dll
0x000007feff1a0000 - 0x000007feff207000 	C:\Windows\system32\GDI32.dll
0x000007feff210000 - 0x000007feff21e000 	C:\Windows\system32\LPK.dll
0x000007fefd840000 - 0x000007fefd90b000 	C:\Windows\system32\USP10.dll
0x000007fefb6c0000 - 0x000007fefb8b4000 	C:\Windows\WinSxS\amd64_microsoft.windows.common-controls_6595b64144ccf1df_6.0.7601.18837_none_fa3b1e3d17594757\COMCTL32.dll
0x000007feff850000 - 0x000007feff8c1000 	C:\Windows\system32\SHLWAPI.dll
0x000007fefd930000 - 0x000007fefd95e000 	C:\Windows\system32\IMM32.DLL
0x000007fefea80000 - 0x000007fefeb89000 	C:\Windows\system32\MSCTF.dll
0x00000000617e0000 - 0x00000000618b2000 	C:\Program Files\Java\jdk1.8.0_112\jre\bin\msvcr100.dll
0x0000000059df0000 - 0x000000005a68a000 	C:\Program Files\Java\jdk1.8.0_112\jre\bin\server\jvm.dll
0x000007fef9a50000 - 0x000007fef9a59000 	C:\Windows\system32\WSOCK32.dll
0x000007feff800000 - 0x000007feff84d000 	C:\Windows\system32\WS2_32.dll
0x000007feff7d0000 - 0x000007feff7d8000 	C:\Windows\system32\NSI.dll
0x000007fefb8c0000 - 0x000007fefb8fb000 	C:\Windows\system32\WINMM.dll
0x000007fefc1e0000 - 0x000007fefc1ec000 	C:\Windows\system32\VERSION.dll
0x0000000077780000 - 0x0000000077787000 	C:\Windows\system32\PSAPI.DLL
0x0000000074ac0000 - 0x0000000074acf000 	C:\Program Files\Java\jdk1.8.0_112\jre\bin\verify.dll
0x0000000062ec0000 - 0x0000000062ee9000 	C:\Program Files\Java\jdk1.8.0_112\jre\bin\java.dll
0x000000005c730000 - 0x000000005c765000 	C:\Program Files\Java\jdk1.8.0_112\jre\bin\jdwp.dll
0x0000000074ae0000 - 0x0000000074ae8000 	C:\Program Files\Java\jdk1.8.0_112\jre\bin\npt.dll
0x0000000073a50000 - 0x0000000073a66000 	C:\Program Files\Java\jdk1.8.0_112\jre\bin\zip.dll
0x000007fefdcf0000 - 0x000007fefea7b000 	C:\Windows\system32\SHELL32.dll
0x000007fefd960000 - 0x000007fefdb5c000 	C:\Windows\system32\ole32.dll
0x000007fefd2c0000 - 0x000007fefd2cf000 	C:\Windows\system32\profapi.dll
0x0000000074af0000 - 0x0000000074af9000 	C:\Program Files\Java\jdk1.8.0_112\jre\bin\dt_socket.dll
0x000007fefb0f0000 - 0x000007fefb105000 	C:\Windows\system32\NLAapi.dll
0x000007fef18c0000 - 0x000007fef18d5000 	C:\Windows\system32\napinsp.dll
0x000007fef1750000 - 0x000007fef1769000 	C:\Windows\system32\pnrpnsp.dll
0x000007fef1740000 - 0x000007fef1750000 	C:\Windows\system32\wshbth.dll
0x000007fefcb40000 - 0x000007fefcb95000 	C:\Windows\System32\mswsock.dll
0x000007fefc8b0000 - 0x000007fefc90b000 	C:\Windows\system32\DNSAPI.dll
0x000007fef1660000 - 0x000007fef166b000 	C:\Windows\System32\winrnr.dll
0x000007fefadf0000 - 0x000007fefae17000 	C:\Windows\system32\IPHLPAPI.DLL
0x000007fefada0000 - 0x000007fefadab000 	C:\Windows\system32\WINNSI.DLL
0x000007fefac80000 - 0x000007fefacd3000 	C:\Windows\System32\fwpuclnt.dll
0x000007fef5930000 - 0x000007fef5938000 	C:\Windows\system32\rasadhlp.dll
0x000007fefc2b0000 - 0x000007fefc2b7000 	C:\Windows\System32\wshtcpip.dll
0x000000006b560000 - 0x000000006b57a000 	C:\Program Files\Java\jdk1.8.0_112\jre\bin\net.dll
0x000007fefcb30000 - 0x000007fefcb37000 	C:\Windows\System32\wship6.dll
0x000000006b400000 - 0x000000006b411000 	C:\Program Files\Java\jdk1.8.0_112\jre\bin\nio.dll
0x000007feef5a0000 - 0x000007feef6c5000 	C:\Windows\system32\dbghelp.dll

VM Arguments:
jvm_args: -agentlib:jdwp=transport=dt_socket,suspend=y,address=localhost:49888 -Dfile.encoding=Cp1252 
java_command: edu.tridenttech.cpt287.simplegame.MainClass
java_class_path (initial): E:\trident tech\CPT 237 ADV Java\workspace\Lucas Program 2\bin
Launcher Type: SUN_STANDARD

Environment Variables:
PATH=C:\Program Files\Java\jdk1.8.0_112\jre\bin;C:/Program Files/Java/jdk1.8.0_112/jre/bin/server;C:/Program Files/Java/jdk1.8.0_112/jre/bin;C:/Program Files/Java/jdk1.8.0_112/jre/lib/amd64;C:\Program Files\Microsoft MPI\Bin\;C:\Windows\system32;C:\Windows;C:\Windows\System32\Wbem;C:\Windows\System32\WindowsPowerShell\v1.0\;C:\Program Files\WIDCOMM\Bluetooth Software\;C:\Program Files\WIDCOMM\Bluetooth Software\syswow64;C:\Program Files\Intel\WiFi\bin\;C:\Program Files\Common Files\Intel\WirelessCommon\;C:\Program Files (x86)\Skype\Phone\;C:\Program Files (x86)\GtkSharp\2.12\bin;C:\Program Files (x86)\Microsoft SQL Server\110\Tools\Binn\;C:\Program Files (x86)\Microsoft SQL Server\110\DTS\Binn\;C:\Program Files (x86)\Microsoft SQL Server\110\Tools\Binn\ManagementStudio\;C:\Program Files (x86)\Smart Projects\IsoBuster;C:\Program Files\Microsoft SQL Server\130\Tools\Binn\;C:\Program Files\dotnet\;C:\Program Files\Git\cmd;C:\Windows\system32;
USERNAME=wonder monkey
OS=Windows_NT
PROCESSOR_IDENTIFIER=Intel64 Family 6 Model 37 Stepping 5, GenuineIntel



---------------  S Y S T E M  ---------------

OS: Windows 7 , 64 bit Build 7601 (6.1.7601.23864)

CPU:total 4 (2 cores per cpu, 2 threads per core) family 6 model 37 stepping 5, cmov, cx8, fxsr, mmx, sse, sse2, sse3, ssse3, sse4.1, sse4.2, popcnt, ht, tsc, tscinvbit

Memory: 4k page, physical 8182456k(3567904k free), swap 16363052k(7858972k free)

vm_info: Java HotSpot(TM) 64-Bit Server VM (25.112-b15) for windows-amd64 JRE (1.8.0_112-b15), built on Sep 22 2016 21:31:56 by "java_re" with MS VC++ 10.0 (VS2010)

time: Thu Sep 07 13:37:50 2017
elapsed time: 605 seconds (0d 0h 10m 5s)

